<?xml version="1.0" encoding="UTF-8"?>
<!-- Generated by org.testng.reporters.JUnitReportReporter -->
<testsuite hostname="NARENDER" failures="0" tests="1" name="com.jala.academy.comJalaAcademyBaseTest" time="2.302" errors="0" timestamp="2024-05-10T18:10:06 IST" skipped="0">
  <testcase classname="com.jala.academy.comJalaAcademyBaseTest" name="beforetest" time="2.302"/>
  <system-out/>
</testsuite> <!-- com.jala.academy.comJalaAcademyBaseTest -->
