<?xml version="1.0" encoding="UTF-8"?>
<!-- Generated by org.testng.reporters.JUnitReportReporter -->
<testsuite hostname="NARENDER" failures="0" tests="1" name="com.jala.academy.pagetest.LoginTest" time="0.421" errors="0" timestamp="2024-07-18T18:26:38 IST" skipped="0">
  <testcase classname="com.jala.academy.pagetest.LoginTest" name="verifyPageheader" time="0.421"/>
  <system-out/>
</testsuite> <!-- com.jala.academy.pagetest.LoginTest -->
