<?xml version="1.0" encoding="UTF-8"?>
<!-- Generated by org.testng.reporters.JUnitReportReporter -->
<testsuite hostname="NARENDER" failures="0" tests="3" name="com.jala.academy.LoginTest" time="0.026" errors="1" timestamp="2024-05-29T20:42:37 IST" skipped="2">
  <testcase classname="com.jala.academy.LoginTest" name="beforetest" time="0.000">
    <skipped/>
  </testcase> <!-- beforetest -->
  <system-out/>
  <testcase classname="com.jala.academy.LoginTest" name="beforeclasss" time="0.026">
    <error type="java.lang.StackOverflowError">
      <![CDATA[java.lang.StackOverflowError
at com.jala.academy.LoginTest.beforetest(LoginTest.java:17)
at com.jala.academy.LoginTest.beforetest(LoginTest.java:17)
at com.jala.academy.LoginTest.beforetest(LoginTest.java:17)
at com.jala.academy.LoginTest.beforetest(LoginTest.java:17)
at com.jala.academy.LoginTest.beforetest(LoginTest.java:17)
at com.jala.academy.LoginTest.beforetest(LoginTest.java:17)
at com.jala.academy.LoginTest.beforetest(LoginTest.java:17)
at com.jala.academy.LoginTest.beforetest(LoginTest.java:17)
at com.jala.academy.LoginTest.beforetest(LoginTest.java:17)
at com.jala.academy.LoginTest.beforetest(LoginTest.java:17)
at com.jala.academy.LoginTest.beforetest(LoginTest.java:17)
at com.jala.academy.LoginTest.beforetest(LoginTest.java:17)
at com.jala.academy.LoginTest.beforetest(LoginTest.java:17)
at com.jala.academy.LoginTest.beforetest(LoginTest.java:17)
at com.jala.academy.LoginTest.beforetest(LoginTest.java:17)
at com.jala.academy.LoginTest.beforetest(LoginTest.java:17)
at com.jala.academy.LoginTest.beforetest(LoginTest.java:17)
at com.jala.academy.LoginTest.beforetest(LoginTest.java:17)
at com.jala.academy.LoginTest.beforetest(LoginTest.java:17)
at com.jala.academy.LoginTest.beforetest(LoginTest.java:17)
at com.jala.academy.LoginTest.beforetest(LoginTest.java:17)
at com.jala.academy.LoginTest.beforetest(LoginTest.java:17)
at com.jala.academy.LoginTest.beforetest(LoginTest.java:17)
at com.jala.academy.LoginTest.beforetest(LoginTest.java:17)
at com.jala.academy.LoginTest.beforetest(LoginTest.java:17)
at com.jala.academy.LoginTest.beforetest(LoginTest.java:17)
at com.jala.academy.LoginTest.beforetest(LoginTest.java:17)
at com.jala.academy.LoginTest.beforetest(LoginTest.java:17)
at com.jala.academy.LoginTest.beforetest(LoginTest.java:17)
at com.jala.academy.LoginTest.beforetest(LoginTest.java:17)
at com.jala.academy.LoginTest.beforetest(LoginTest.java:17)
at com.jala.academy.LoginTest.beforetest(LoginTest.java:17)
at com.jala.academy.LoginTest.beforetest(LoginTest.java:17)
at com.jala.academy.LoginTest.beforetest(LoginTest.java:17)
at com.jala.academy.LoginTest.beforetest(LoginTest.java:17)
at com.jala.academy.LoginTest.beforetest(LoginTest.java:17)
at com.jala.academy.LoginTest.beforetest(LoginTest.java:17)
at com.jala.academy.LoginTest.beforetest(LoginTest.java:17)
at com.jala.academy.LoginTest.beforetest(LoginTest.java:17)
at com.jala.academy.LoginTest.beforetest(LoginTest.java:17)
at com.jala.academy.LoginTest.beforetest(LoginTest.java:17)
at com.jala.academy.LoginTest.beforetest(LoginTest.java:17)
at com.jala.academy.LoginTest.beforetest(LoginTest.java:17)
at com.jala.academy.LoginTest.beforetest(LoginTest.java:17)
at com.jala.academy.LoginTest.beforetest(LoginTest.java:17)
at com.jala.academy.LoginTest.beforetest(LoginTest.java:17)
at com.jala.academy.LoginTest.beforetest(LoginTest.java:17)
at com.jala.academy.LoginTest.beforetest(LoginTest.java:17)
at com.jala.academy.LoginTest.beforetest(LoginTest.java:17)
at com.jala.academy.LoginTest.beforetest(LoginTest.java:17)
at com.jala.academy.LoginTest.beforetest(LoginTest.java:17)
at com.jala.academy.LoginTest.beforetest(LoginTest.java:17)
at com.jala.academy.LoginTest.beforetest(LoginTest.java:17)
at com.jala.academy.LoginTest.beforetest(LoginTest.java:17)
at com.jala.academy.LoginTest.beforetest(LoginTest.java:17)
at com.jala.academy.LoginTest.beforetest(LoginTest.java:17)
at com.jala.academy.LoginTest.beforetest(LoginTest.java:17)
at com.jala.academy.LoginTest.beforetest(LoginTest.java:17)
at com.jala.academy.LoginTest.beforetest(LoginTest.java:17)
at com.jala.academy.LoginTest.beforetest(LoginTest.java:17)
at com.jala.academy.LoginTest.beforetest(LoginTest.java:17)
at com.jala.academy.LoginTest.beforetest(LoginTest.java:17)
at com.jala.academy.LoginTest.beforetest(LoginTest.java:17)
at com.jala.academy.LoginTest.beforetest(LoginTest.java:17)
at com.jala.academy.LoginTest.beforetest(LoginTest.java:17)
at com.jala.academy.LoginTest.beforetest(LoginTest.java:17)
at com.jala.academy.LoginTest.beforetest(LoginTest.java:17)
at com.jala.academy.LoginTest.beforetest(LoginTest.java:17)
at com.jala.academy.LoginTest.beforetest(LoginTest.java:17)
at com.jala.academy.LoginTest.beforetest(LoginTest.java:17)
at com.jala.academy.LoginTest.beforetest(LoginTest.java:17)
at com.jala.academy.LoginTest.beforetest(LoginTest.java:17)
at com.jala.academy.LoginTest.beforetest(LoginTest.java:17)
at com.jala.academy.LoginTest.beforetest(LoginTest.java:17)
at com.jala.academy.LoginTest.beforetest(LoginTest.java:17)
at com.jala.academy.LoginTest.beforetest(LoginTest.java:17)
at com.jala.academy.LoginTest.beforetest(LoginTest.java:17)
at com.jala.academy.LoginTest.beforetest(LoginTest.java:17)
at com.jala.academy.LoginTest.beforetest(LoginTest.java:17)
at com.jala.academy.LoginTest.beforetest(LoginTest.java:17)
at com.jala.academy.LoginTest.beforetest(LoginTest.java:17)
at com.jala.academy.LoginTest.beforetest(LoginTest.java:17)
at com.jala.academy.LoginTest.beforetest(LoginTest.java:17)
at com.jala.academy.LoginTest.beforetest(LoginTest.java:17)
at com.jala.academy.LoginTest.beforetest(LoginTest.java:17)
at com.jala.academy.LoginTest.beforetest(LoginTest.java:17)
at com.jala.academy.LoginTest.beforetest(LoginTest.java:17)
at com.jala.academy.LoginTest.beforetest(LoginTest.java:17)
at com.jala.academy.LoginTest.beforetest(LoginTest.java:17)
at com.jala.academy.LoginTest.beforetest(LoginTest.java:17)
at com.jala.academy.LoginTest.beforetest(LoginTest.java:17)
at com.jala.academy.LoginTest.beforetest(LoginTest.java:17)
at com.jala.academy.LoginTest.beforetest(LoginTest.java:17)
at com.jala.academy.LoginTest.beforetest(LoginTest.java:17)
at com.jala.academy.LoginTest.beforetest(LoginTest.java:17)
at com.jala.academy.LoginTest.beforetest(LoginTest.java:17)
at com.jala.academy.LoginTest.beforetest(LoginTest.java:17)
at com.jala.academy.LoginTest.beforetest(LoginTest.java:17)
at com.jala.academy.LoginTest.beforetest(LoginTest.java:17)
at com.jala.academy.LoginTest.beforetest(LoginTest.java:17)
at com.jala.academy.LoginTest.beforetest(LoginTest.java:17)
at com.jala.academy.LoginTest.beforetest(LoginTest.java:17)
at com.jala.academy.LoginTest.beforetest(LoginTest.java:17)
at com.jala.academy.LoginTest.beforetest(LoginTest.java:17)
at com.jala.academy.LoginTest.beforetest(LoginTest.java:17)
at com.jala.academy.LoginTest.beforetest(LoginTest.java:17)
at com.jala.academy.LoginTest.beforetest(LoginTest.java:17)
at com.jala.academy.LoginTest.beforetest(LoginTest.java:17)
at com.jala.academy.LoginTest.beforetest(LoginTest.java:17)
at com.jala.academy.LoginTest.beforetest(LoginTest.java:17)
at com.jala.academy.LoginTest.beforetest(LoginTest.java:17)
at com.jala.academy.LoginTest.beforetest(LoginTest.java:17)
at com.jala.academy.LoginTest.beforetest(LoginTest.java:17)
at com.jala.academy.LoginTest.beforetest(LoginTest.java:17)
at com.jala.academy.LoginTest.beforetest(LoginTest.java:17)
at com.jala.academy.LoginTest.beforetest(LoginTest.java:17)
at com.jala.academy.LoginTest.beforetest(LoginTest.java:17)
at com.jala.academy.LoginTest.beforetest(LoginTest.java:17)
at com.jala.academy.LoginTest.beforetest(LoginTest.java:17)
at com.jala.academy.LoginTest.beforetest(LoginTest.java:17)
at com.jala.academy.LoginTest.beforetest(LoginTest.java:17)
at com.jala.academy.LoginTest.beforetest(LoginTest.java:17)
at com.jala.academy.LoginTest.beforetest(LoginTest.java:17)
at com.jala.academy.LoginTest.beforetest(LoginTest.java:17)
at com.jala.academy.LoginTest.beforetest(LoginTest.java:17)
at com.jala.academy.LoginTest.beforetest(LoginTest.java:17)
at com.jala.academy.LoginTest.beforetest(LoginTest.java:17)
at com.jala.academy.LoginTest.beforetest(LoginTest.java:17)
at com.jala.academy.LoginTest.beforetest(LoginTest.java:17)
at com.jala.academy.LoginTest.beforetest(LoginTest.java:17)
at com.jala.academy.LoginTest.beforetest(LoginTest.java:17)
at com.jala.academy.LoginTest.beforetest(LoginTest.java:17)
at com.jala.academy.LoginTest.beforetest(LoginTest.java:17)
at com.jala.academy.LoginTest.beforetest(LoginTest.java:17)
at com.jala.academy.LoginTest.beforetest(LoginTest.java:17)
at com.jala.academy.LoginTest.beforetest(LoginTest.java:17)
at com.jala.academy.LoginTest.beforetest(LoginTest.java:17)
at com.jala.academy.LoginTest.beforetest(LoginTest.java:17)
at com.jala.academy.LoginTest.beforetest(LoginTest.java:17)
at com.jala.academy.LoginTest.beforetest(LoginTest.java:17)
at com.jala.academy.LoginTest.beforetest(LoginTest.java:17)
at com.jala.academy.LoginTest.beforetest(LoginTest.java:17)
at com.jala.academy.LoginTest.beforetest(LoginTest.java:17)
at com.jala.academy.LoginTest.beforetest(LoginTest.java:17)
at com.jala.academy.LoginTest.beforetest(LoginTest.java:17)
at com.jala.academy.LoginTest.beforetest(LoginTest.java:17)
at com.jala.academy.LoginTest.beforetest(LoginTest.java:17)
at com.jala.academy.LoginTest.beforetest(LoginTest.java:17)
at com.jala.academy.LoginTest.beforetest(LoginTest.java:17)
at com.jala.academy.LoginTest.beforetest(LoginTest.java:17)
at com.jala.academy.LoginTest.beforetest(LoginTest.java:17)
at com.jala.academy.LoginTest.beforetest(LoginTest.java:17)
at com.jala.academy.LoginTest.beforetest(LoginTest.java:17)
at com.jala.academy.LoginTest.beforetest(LoginTest.java:17)
at com.jala.academy.LoginTest.beforetest(LoginTest.java:17)
at com.jala.academy.LoginTest.beforetest(LoginTest.java:17)
at com.jala.academy.LoginTest.beforetest(LoginTest.java:17)
at com.jala.academy.LoginTest.beforetest(LoginTest.java:17)
at com.jala.academy.LoginTest.beforetest(LoginTest.java:17)
at com.jala.academy.LoginTest.beforetest(LoginTest.java:17)
at com.jala.academy.LoginTest.beforetest(LoginTest.java:17)
at com.jala.academy.LoginTest.beforetest(LoginTest.java:17)
at com.jala.academy.LoginTest.beforetest(LoginTest.java:17)
at com.jala.academy.LoginTest.beforetest(LoginTest.java:17)
at com.jala.academy.LoginTest.beforetest(LoginTest.java:17)
at com.jala.academy.LoginTest.beforetest(LoginTest.java:17)
at com.jala.academy.LoginTest.beforetest(LoginTest.java:17)
at com.jala.academy.LoginTest.beforetest(LoginTest.java:17)
at com.jala.academy.LoginTest.beforetest(LoginTest.java:17)
at com.jala.academy.LoginTest.beforetest(LoginTest.java:17)
at com.jala.academy.LoginTest.beforetest(LoginTest.java:17)
at com.jala.academy.LoginTest.beforetest(LoginTest.java:17)
at com.jala.academy.LoginTest.beforetest(LoginTest.java:17)
at com.jala.academy.LoginTest.beforetest(LoginTest.java:17)
at com.jala.academy.LoginTest.beforetest(LoginTest.java:17)
at com.jala.academy.LoginTest.beforetest(LoginTest.java:17)
at com.jala.academy.LoginTest.beforetest(LoginTest.java:17)
at com.jala.academy.LoginTest.beforetest(LoginTest.java:17)
at com.jala.academy.LoginTest.beforetest(LoginTest.java:17)
at com.jala.academy.LoginTest.beforetest(LoginTest.java:17)
at com.jala.academy.LoginTest.beforetest(LoginTest.java:17)
at com.jala.academy.LoginTest.beforetest(LoginTest.java:17)
at com.jala.academy.LoginTest.beforetest(LoginTest.java:17)
at com.jala.academy.LoginTest.beforetest(LoginTest.java:17)
at com.jala.academy.LoginTest.beforetest(LoginTest.java:17)
at com.jala.academy.LoginTest.beforetest(LoginTest.java:17)
at com.jala.academy.LoginTest.beforetest(LoginTest.java:17)
at com.jala.academy.LoginTest.beforetest(LoginTest.java:17)
at com.jala.academy.LoginTest.beforetest(LoginTest.java:17)
at com.jala.academy.LoginTest.beforetest(LoginTest.java:17)
at com.jala.academy.LoginTest.beforetest(LoginTest.java:17)
at com.jala.academy.LoginTest.beforetest(LoginTest.java:17)
at com.jala.academy.LoginTest.beforetest(LoginTest.java:17)
at com.jala.academy.LoginTest.beforetest(LoginTest.java:17)
at com.jala.academy.LoginTest.beforetest(LoginTest.java:17)
at com.jala.academy.LoginTest.beforetest(LoginTest.java:17)
at com.jala.academy.LoginTest.beforetest(LoginTest.java:17)
at com.jala.academy.LoginTest.beforetest(LoginTest.java:17)
at com.jala.academy.LoginTest.beforetest(LoginTest.java:17)
at com.jala.academy.LoginTest.beforetest(LoginTest.java:17)
at com.jala.academy.LoginTest.beforetest(LoginTest.java:17)
at com.jala.academy.LoginTest.beforetest(LoginTest.java:17)
at com.jala.academy.LoginTest.beforetest(LoginTest.java:17)
at com.jala.academy.LoginTest.beforetest(LoginTest.java:17)
at com.jala.academy.LoginTest.beforetest(LoginTest.java:17)
at com.jala.academy.LoginTest.beforetest(LoginTest.java:17)
at com.jala.academy.LoginTest.beforetest(LoginTest.java:17)
at com.jala.academy.LoginTest.beforetest(LoginTest.java:17)
at com.jala.academy.LoginTest.beforetest(LoginTest.java:17)
at com.jala.academy.LoginTest.beforetest(LoginTest.java:17)
at com.jala.academy.LoginTest.beforetest(LoginTest.java:17)
at com.jala.academy.LoginTest.beforetest(LoginTest.java:17)
at com.jala.academy.LoginTest.beforetest(LoginTest.java:17)
at com.jala.academy.LoginTest.beforetest(LoginTest.java:17)
at com.jala.academy.LoginTest.beforetest(LoginTest.java:17)
at com.jala.academy.LoginTest.beforetest(LoginTest.java:17)
at com.jala.academy.LoginTest.beforetest(LoginTest.java:17)
at com.jala.academy.LoginTest.beforetest(LoginTest.java:17)
at com.jala.academy.LoginTest.beforetest(LoginTest.java:17)
at com.jala.academy.LoginTest.beforetest(LoginTest.java:17)
at com.jala.academy.LoginTest.beforetest(LoginTest.java:17)
at com.jala.academy.LoginTest.beforetest(LoginTest.java:17)
at com.jala.academy.LoginTest.beforetest(LoginTest.java:17)
at com.jala.academy.LoginTest.beforetest(LoginTest.java:17)
at com.jala.academy.LoginTest.beforetest(LoginTest.java:17)
at com.jala.academy.LoginTest.beforetest(LoginTest.java:17)
at com.jala.academy.LoginTest.beforetest(LoginTest.java:17)
at com.jala.academy.LoginTest.beforetest(LoginTest.java:17)
at com.jala.academy.LoginTest.beforetest(LoginTest.java:17)
at com.jala.academy.LoginTest.beforetest(LoginTest.java:17)
at com.jala.academy.LoginTest.beforetest(LoginTest.java:17)
at com.jala.academy.LoginTest.beforetest(LoginTest.java:17)
at com.jala.academy.LoginTest.beforetest(LoginTest.java:17)
at com.jala.academy.LoginTest.beforetest(LoginTest.java:17)
at com.jala.academy.LoginTest.beforetest(LoginTest.java:17)
at com.jala.academy.LoginTest.beforetest(LoginTest.java:17)
at com.jala.academy.LoginTest.beforetest(LoginTest.java:17)
at com.jala.academy.LoginTest.beforetest(LoginTest.java:17)
at com.jala.academy.LoginTest.beforetest(LoginTest.java:17)
at com.jala.academy.LoginTest.beforetest(LoginTest.java:17)
at com.jala.academy.LoginTest.beforetest(LoginTest.java:17)
at com.jala.academy.LoginTest.beforetest(LoginTest.java:17)
at com.jala.academy.LoginTest.beforetest(LoginTest.java:17)
at com.jala.academy.LoginTest.beforetest(LoginTest.java:17)
at com.jala.academy.LoginTest.beforetest(LoginTest.java:17)
at com.jala.academy.LoginTest.beforetest(LoginTest.java:17)
at com.jala.academy.LoginTest.beforetest(LoginTest.java:17)
at com.jala.academy.LoginTest.beforetest(LoginTest.java:17)
at com.jala.academy.LoginTest.beforetest(LoginTest.java:17)
at com.jala.academy.LoginTest.beforetest(LoginTest.java:17)
at com.jala.academy.LoginTest.beforetest(LoginTest.java:17)
at com.jala.academy.LoginTest.beforetest(LoginTest.java:17)
at com.jala.academy.LoginTest.beforetest(LoginTest.java:17)
at com.jala.academy.LoginTest.beforetest(LoginTest.java:17)
at com.jala.academy.LoginTest.beforetest(LoginTest.java:17)
at com.jala.academy.LoginTest.beforetest(LoginTest.java:17)
at com.jala.academy.LoginTest.beforetest(LoginTest.java:17)
at com.jala.academy.LoginTest.beforetest(LoginTest.java:17)
at com.jala.academy.LoginTest.beforetest(LoginTest.java:17)
at com.jala.academy.LoginTest.beforetest(LoginTest.java:17)
at com.jala.academy.LoginTest.beforetest(LoginTest.java:17)
at com.jala.academy.LoginTest.beforetest(LoginTest.java:17)
at com.jala.academy.LoginTest.beforetest(LoginTest.java:17)
at com.jala.academy.LoginTest.beforetest(LoginTest.java:17)
at com.jala.academy.LoginTest.beforetest(LoginTest.java:17)
at com.jala.academy.LoginTest.beforetest(LoginTest.java:17)
at com.jala.academy.LoginTest.beforetest(LoginTest.java:17)
at com.jala.academy.LoginTest.beforetest(LoginTest.java:17)
at com.jala.academy.LoginTest.beforetest(LoginTest.java:17)
at com.jala.academy.LoginTest.beforetest(LoginTest.java:17)
at com.jala.academy.LoginTest.beforetest(LoginTest.java:17)
at com.jala.academy.LoginTest.beforetest(LoginTest.java:17)
at com.jala.academy.LoginTest.beforetest(LoginTest.java:17)
at com.jala.academy.LoginTest.beforetest(LoginTest.java:17)
at com.jala.academy.LoginTest.beforetest(LoginTest.java:17)
at com.jala.academy.LoginTest.beforetest(LoginTest.java:17)
at com.jala.academy.LoginTest.beforetest(LoginTest.java:17)
at com.jala.academy.LoginTest.beforetest(LoginTest.java:17)
at com.jala.academy.LoginTest.beforetest(LoginTest.java:17)
at com.jala.academy.LoginTest.beforetest(LoginTest.java:17)
at com.jala.academy.LoginTest.beforetest(LoginTest.java:17)
at com.jala.academy.LoginTest.beforetest(LoginTest.java:17)
at com.jala.academy.LoginTest.beforetest(LoginTest.java:17)
at com.jala.academy.LoginTest.beforetest(LoginTest.java:17)
at com.jala.academy.LoginTest.beforetest(LoginTest.java:17)
at com.jala.academy.LoginTest.beforetest(LoginTest.java:17)
at com.jala.academy.LoginTest.beforetest(LoginTest.java:17)
at com.jala.academy.LoginTest.beforetest(LoginTest.java:17)
at com.jala.academy.LoginTest.beforetest(LoginTest.java:17)
at com.jala.academy.LoginTest.beforetest(LoginTest.java:17)
at com.jala.academy.LoginTest.beforetest(LoginTest.java:17)
at com.jala.academy.LoginTest.beforetest(LoginTest.java:17)
at com.jala.academy.LoginTest.beforetest(LoginTest.java:17)
at com.jala.academy.LoginTest.beforetest(LoginTest.java:17)
at com.jala.academy.LoginTest.beforetest(LoginTest.java:17)
at com.jala.academy.LoginTest.beforetest(LoginTest.java:17)
at com.jala.academy.LoginTest.beforetest(LoginTest.java:17)
at com.jala.academy.LoginTest.beforetest(LoginTest.java:17)
at com.jala.academy.LoginTest.beforetest(LoginTest.java:17)
at com.jala.academy.LoginTest.beforetest(LoginTest.java:17)
at com.jala.academy.LoginTest.beforetest(LoginTest.java:17)
at com.jala.academy.LoginTest.beforetest(LoginTest.java:17)
at com.jala.academy.LoginTest.beforetest(LoginTest.java:17)
at com.jala.academy.LoginTest.beforetest(LoginTest.java:17)
at com.jala.academy.LoginTest.beforetest(LoginTest.java:17)
at com.jala.academy.LoginTest.beforetest(LoginTest.java:17)
at com.jala.academy.LoginTest.beforetest(LoginTest.java:17)
at com.jala.academy.LoginTest.beforetest(LoginTest.java:17)
at com.jala.academy.LoginTest.beforetest(LoginTest.java:17)
at com.jala.academy.LoginTest.beforetest(LoginTest.java:17)
at com.jala.academy.LoginTest.beforetest(LoginTest.java:17)
at com.jala.academy.LoginTest.beforetest(LoginTest.java:17)
at com.jala.academy.LoginTest.beforetest(LoginTest.java:17)
at com.jala.academy.LoginTest.beforetest(LoginTest.java:17)
at com.jala.academy.LoginTest.beforetest(LoginTest.java:17)
at com.jala.academy.LoginTest.beforetest(LoginTest.java:17)
at com.jala.academy.LoginTest.beforetest(LoginTest.java:17)
at com.jala.academy.LoginTest.beforetest(LoginTest.java:17)
at com.jala.academy.LoginTest.beforetest(LoginTest.java:17)
at com.jala.academy.LoginTest.beforetest(LoginTest.java:17)
at com.jala.academy.LoginTest.beforetest(LoginTest.java:17)
at com.jala.academy.LoginTest.beforetest(LoginTest.java:17)
at com.jala.academy.LoginTest.beforetest(LoginTest.java:17)
at com.jala.academy.LoginTest.beforetest(LoginTest.java:17)
at com.jala.academy.LoginTest.beforetest(LoginTest.java:17)
at com.jala.academy.LoginTest.beforetest(LoginTest.java:17)
at com.jala.academy.LoginTest.beforetest(LoginTest.java:17)
at com.jala.academy.LoginTest.beforetest(LoginTest.java:17)
at com.jala.academy.LoginTest.beforetest(LoginTest.java:17)
at com.jala.academy.LoginTest.beforetest(LoginTest.java:17)
at com.jala.academy.LoginTest.beforetest(LoginTest.java:17)
at com.jala.academy.LoginTest.beforetest(LoginTest.java:17)
at com.jala.academy.LoginTest.beforetest(LoginTest.java:17)
at com.jala.academy.LoginTest.beforetest(LoginTest.java:17)
at com.jala.academy.LoginTest.beforetest(LoginTest.java:17)
at com.jala.academy.LoginTest.beforetest(LoginTest.java:17)
at com.jala.academy.LoginTest.beforetest(LoginTest.java:17)
at com.jala.academy.LoginTest.beforetest(LoginTest.java:17)
at com.jala.academy.LoginTest.beforetest(LoginTest.java:17)
at com.jala.academy.LoginTest.beforetest(LoginTest.java:17)
at com.jala.academy.LoginTest.beforetest(LoginTest.java:17)
at com.jala.academy.LoginTest.beforetest(LoginTest.java:17)
at com.jala.academy.LoginTest.beforetest(LoginTest.java:17)
at com.jala.academy.LoginTest.beforetest(LoginTest.java:17)
at com.jala.academy.LoginTest.beforetest(LoginTest.java:17)
at com.jala.academy.LoginTest.beforetest(LoginTest.java:17)
at com.jala.academy.LoginTest.beforetest(LoginTest.java:17)
at com.jala.academy.LoginTest.beforetest(LoginTest.java:17)
at com.jala.academy.LoginTest.beforetest(LoginTest.java:17)
at com.jala.academy.LoginTest.beforetest(LoginTest.java:17)
at com.jala.academy.LoginTest.beforetest(LoginTest.java:17)
at com.jala.academy.LoginTest.beforetest(LoginTest.java:17)
at com.jala.academy.LoginTest.beforetest(LoginTest.java:17)
at com.jala.academy.LoginTest.beforetest(LoginTest.java:17)
at com.jala.academy.LoginTest.beforetest(LoginTest.java:17)
at com.jala.academy.LoginTest.beforetest(LoginTest.java:17)
at com.jala.academy.LoginTest.beforetest(LoginTest.java:17)
at com.jala.academy.LoginTest.beforetest(LoginTest.java:17)
at com.jala.academy.LoginTest.beforetest(LoginTest.java:17)
at com.jala.academy.LoginTest.beforetest(LoginTest.java:17)
at com.jala.academy.LoginTest.beforetest(LoginTest.java:17)
at com.jala.academy.LoginTest.beforetest(LoginTest.java:17)
at com.jala.academy.LoginTest.beforetest(LoginTest.java:17)
at com.jala.academy.LoginTest.beforetest(LoginTest.java:17)
at com.jala.academy.LoginTest.beforetest(LoginTest.java:17)
at com.jala.academy.LoginTest.beforetest(LoginTest.java:17)
at com.jala.academy.LoginTest.beforetest(LoginTest.java:17)
at com.jala.academy.LoginTest.beforetest(LoginTest.java:17)
at com.jala.academy.LoginTest.beforetest(LoginTest.java:17)
at com.jala.academy.LoginTest.beforetest(LoginTest.java:17)
at com.jala.academy.LoginTest.beforetest(LoginTest.java:17)
at com.jala.academy.LoginTest.beforetest(LoginTest.java:17)
at com.jala.academy.LoginTest.beforetest(LoginTest.java:17)
at com.jala.academy.LoginTest.beforetest(LoginTest.java:17)
at com.jala.academy.LoginTest.beforetest(LoginTest.java:17)
at com.jala.academy.LoginTest.beforetest(LoginTest.java:17)
at com.jala.academy.LoginTest.beforetest(LoginTest.java:17)
at com.jala.academy.LoginTest.beforetest(LoginTest.java:17)
at com.jala.academy.LoginTest.beforetest(LoginTest.java:17)
at com.jala.academy.LoginTest.beforetest(LoginTest.java:17)
at com.jala.academy.LoginTest.beforetest(LoginTest.java:17)
at com.jala.academy.LoginTest.beforetest(LoginTest.java:17)
at com.jala.academy.LoginTest.beforetest(LoginTest.java:17)
at com.jala.academy.LoginTest.beforetest(LoginTest.java:17)
at com.jala.academy.LoginTest.beforetest(LoginTest.java:17)
at com.jala.academy.LoginTest.beforetest(LoginTest.java:17)
at com.jala.academy.LoginTest.beforetest(LoginTest.java:17)
at com.jala.academy.LoginTest.beforetest(LoginTest.java:17)
at com.jala.academy.LoginTest.beforetest(LoginTest.java:17)
at com.jala.academy.LoginTest.beforetest(LoginTest.java:17)
at com.jala.academy.LoginTest.beforetest(LoginTest.java:17)
at com.jala.academy.LoginTest.beforetest(LoginTest.java:17)
at com.jala.academy.LoginTest.beforetest(LoginTest.java:17)
at com.jala.academy.LoginTest.beforetest(LoginTest.java:17)
at com.jala.academy.LoginTest.beforetest(LoginTest.java:17)
at com.jala.academy.LoginTest.beforetest(LoginTest.java:17)
at com.jala.academy.LoginTest.beforetest(LoginTest.java:17)
at com.jala.academy.LoginTest.beforetest(LoginTest.java:17)
at com.jala.academy.LoginTest.beforetest(LoginTest.java:17)
at com.jala.academy.LoginTest.beforetest(LoginTest.java:17)
at com.jala.academy.LoginTest.beforetest(LoginTest.java:17)
at com.jala.academy.LoginTest.beforetest(LoginTest.java:17)
at com.jala.academy.LoginTest.beforetest(LoginTest.java:17)
at com.jala.academy.LoginTest.beforetest(LoginTest.java:17)
at com.jala.academy.LoginTest.beforetest(LoginTest.java:17)
at com.jala.academy.LoginTest.beforetest(LoginTest.java:17)
at com.jala.academy.LoginTest.beforetest(LoginTest.java:17)
at com.jala.academy.LoginTest.beforetest(LoginTest.java:17)
at com.jala.academy.LoginTest.beforetest(LoginTest.java:17)
at com.jala.academy.LoginTest.beforetest(LoginTest.java:17)
at com.jala.academy.LoginTest.beforetest(LoginTest.java:17)
at com.jala.academy.LoginTest.beforetest(LoginTest.java:17)
at com.jala.academy.LoginTest.beforetest(LoginTest.java:17)
at com.jala.academy.LoginTest.beforetest(LoginTest.java:17)
at com.jala.academy.LoginTest.beforetest(LoginTest.java:17)
at com.jala.academy.LoginTest.beforetest(LoginTest.java:17)
at com.jala.academy.LoginTest.beforetest(LoginTest.java:17)
at com.jala.academy.LoginTest.beforetest(LoginTest.java:17)
at com.jala.academy.LoginTest.beforetest(LoginTest.java:17)
at com.jala.academy.LoginTest.beforetest(LoginTest.java:17)
at com.jala.academy.LoginTest.beforetest(LoginTest.java:17)
at com.jala.academy.LoginTest.beforetest(LoginTest.java:17)
at com.jala.academy.LoginTest.beforetest(LoginTest.java:17)
at com.jala.academy.LoginTest.beforetest(LoginTest.java:17)
at com.jala.academy.LoginTest.beforetest(LoginTest.java:17)
at com.jala.academy.LoginTest.beforetest(LoginTest.java:17)
at com.jala.academy.LoginTest.beforetest(LoginTest.java:17)
at com.jala.academy.LoginTest.beforetest(LoginTest.java:17)
at com.jala.academy.LoginTest.beforetest(LoginTest.java:17)
at com.jala.academy.LoginTest.beforetest(LoginTest.java:17)
at com.jala.academy.LoginTest.beforetest(LoginTest.java:17)
at com.jala.academy.LoginTest.beforetest(LoginTest.java:17)
at com.jala.academy.LoginTest.beforetest(LoginTest.java:17)
at com.jala.academy.LoginTest.beforetest(LoginTest.java:17)
at com.jala.academy.LoginTest.beforetest(LoginTest.java:17)
at com.jala.academy.LoginTest.beforetest(LoginTest.java:17)
at com.jala.academy.LoginTest.beforetest(LoginTest.java:17)
at com.jala.academy.LoginTest.beforetest(LoginTest.java:17)
at com.jala.academy.LoginTest.beforetest(LoginTest.java:17)
at com.jala.academy.LoginTest.beforetest(LoginTest.java:17)
at com.jala.academy.LoginTest.beforetest(LoginTest.java:17)
at com.jala.academy.LoginTest.beforetest(LoginTest.java:17)
at com.jala.academy.LoginTest.beforetest(LoginTest.java:17)
at com.jala.academy.LoginTest.beforetest(LoginTest.java:17)
at com.jala.academy.LoginTest.beforetest(LoginTest.java:17)
at com.jala.academy.LoginTest.beforetest(LoginTest.java:17)
at com.jala.academy.LoginTest.beforetest(LoginTest.java:17)
at com.jala.academy.LoginTest.beforetest(LoginTest.java:17)
at com.jala.academy.LoginTest.beforetest(LoginTest.java:17)
at com.jala.academy.LoginTest.beforetest(LoginTest.java:17)
at com.jala.academy.LoginTest.beforetest(LoginTest.java:17)
at com.jala.academy.LoginTest.beforetest(LoginTest.java:17)
at com.jala.academy.LoginTest.beforetest(LoginTest.java:17)
at com.jala.academy.LoginTest.beforetest(LoginTest.java:17)
at com.jala.academy.LoginTest.beforetest(LoginTest.java:17)
at com.jala.academy.LoginTest.beforetest(LoginTest.java:17)
at com.jala.academy.LoginTest.beforetest(LoginTest.java:17)
at com.jala.academy.LoginTest.beforetest(LoginTest.java:17)
at com.jala.academy.LoginTest.beforetest(LoginTest.java:17)
at com.jala.academy.LoginTest.beforetest(LoginTest.java:17)
at com.jala.academy.LoginTest.beforetest(LoginTest.java:17)
at com.jala.academy.LoginTest.beforetest(LoginTest.java:17)
at com.jala.academy.LoginTest.beforetest(LoginTest.java:17)
at com.jala.academy.LoginTest.beforetest(LoginTest.java:17)
at com.jala.academy.LoginTest.beforetest(LoginTest.java:17)
at com.jala.academy.LoginTest.beforetest(LoginTest.java:17)
at com.jala.academy.LoginTest.beforetest(LoginTest.java:17)
at com.jala.academy.LoginTest.beforetest(LoginTest.java:17)
at com.jala.academy.LoginTest.beforetest(LoginTest.java:17)
at com.jala.academy.LoginTest.beforetest(LoginTest.java:17)
at com.jala.academy.LoginTest.beforetest(LoginTest.java:17)
at com.jala.academy.LoginTest.beforetest(LoginTest.java:17)
at com.jala.academy.LoginTest.beforetest(LoginTest.java:17)
at com.jala.academy.LoginTest.beforetest(LoginTest.java:17)
at com.jala.academy.LoginTest.beforetest(LoginTest.java:17)
at com.jala.academy.LoginTest.beforetest(LoginTest.java:17)
at com.jala.academy.LoginTest.beforetest(LoginTest.java:17)
at com.jala.academy.LoginTest.beforetest(LoginTest.java:17)
at com.jala.academy.LoginTest.beforetest(LoginTest.java:17)
at com.jala.academy.LoginTest.beforetest(LoginTest.java:17)
at com.jala.academy.LoginTest.beforetest(LoginTest.java:17)
at com.jala.academy.LoginTest.beforetest(LoginTest.java:17)
at com.jala.academy.LoginTest.beforetest(LoginTest.java:17)
at com.jala.academy.LoginTest.beforetest(LoginTest.java:17)
at com.jala.academy.LoginTest.beforetest(LoginTest.java:17)
at com.jala.academy.LoginTest.beforetest(LoginTest.java:17)
at com.jala.academy.LoginTest.beforetest(LoginTest.java:17)
at com.jala.academy.LoginTest.beforetest(LoginTest.java:17)
at com.jala.academy.LoginTest.beforetest(LoginTest.java:17)
at com.jala.academy.LoginTest.beforetest(LoginTest.java:17)
at com.jala.academy.LoginTest.beforetest(LoginTest.java:17)
at com.jala.academy.LoginTest.beforetest(LoginTest.java:17)
at com.jala.academy.LoginTest.beforetest(LoginTest.java:17)
at com.jala.academy.LoginTest.beforetest(LoginTest.java:17)
at com.jala.academy.LoginTest.beforetest(LoginTest.java:17)
at com.jala.academy.LoginTest.beforetest(LoginTest.java:17)
at com.jala.academy.LoginTest.beforetest(LoginTest.java:17)
at com.jala.academy.LoginTest.beforetest(LoginTest.java:17)
at com.jala.academy.LoginTest.beforetest(LoginTest.java:17)
at com.jala.academy.LoginTest.beforetest(LoginTest.java:17)
at com.jala.academy.LoginTest.beforetest(LoginTest.java:17)
at com.jala.academy.LoginTest.beforetest(LoginTest.java:17)
at com.jala.academy.LoginTest.beforetest(LoginTest.java:17)
at com.jala.academy.LoginTest.beforetest(LoginTest.java:17)
at com.jala.academy.LoginTest.beforetest(LoginTest.java:17)
at com.jala.academy.LoginTest.beforetest(LoginTest.java:17)
at com.jala.academy.LoginTest.beforetest(LoginTest.java:17)
at com.jala.academy.LoginTest.beforetest(LoginTest.java:17)
at com.jala.academy.LoginTest.beforetest(LoginTest.java:17)
at com.jala.academy.LoginTest.beforetest(LoginTest.java:17)
at com.jala.academy.LoginTest.beforetest(LoginTest.java:17)
at com.jala.academy.LoginTest.beforetest(LoginTest.java:17)
at com.jala.academy.LoginTest.beforetest(LoginTest.java:17)
at com.jala.academy.LoginTest.beforetest(LoginTest.java:17)
at com.jala.academy.LoginTest.beforetest(LoginTest.java:17)
at com.jala.academy.LoginTest.beforetest(LoginTest.java:17)
at com.jala.academy.LoginTest.beforetest(LoginTest.java:17)
at com.jala.academy.LoginTest.beforetest(LoginTest.java:17)
at com.jala.academy.LoginTest.beforetest(LoginTest.java:17)
at com.jala.academy.LoginTest.beforetest(LoginTest.java:17)
at com.jala.academy.LoginTest.beforetest(LoginTest.java:17)
at com.jala.academy.LoginTest.beforetest(LoginTest.java:17)
at com.jala.academy.LoginTest.beforetest(LoginTest.java:17)
at com.jala.academy.LoginTest.beforetest(LoginTest.java:17)
at com.jala.academy.LoginTest.beforetest(LoginTest.java:17)
at com.jala.academy.LoginTest.beforetest(LoginTest.java:17)
at com.jala.academy.LoginTest.beforetest(LoginTest.java:17)
at com.jala.academy.LoginTest.beforetest(LoginTest.java:17)
at com.jala.academy.LoginTest.beforetest(LoginTest.java:17)
at com.jala.academy.LoginTest.beforetest(LoginTest.java:17)
at com.jala.academy.LoginTest.beforetest(LoginTest.java:17)
at com.jala.academy.LoginTest.beforetest(LoginTest.java:17)
at com.jala.academy.LoginTest.beforetest(LoginTest.java:17)
at com.jala.academy.LoginTest.beforetest(LoginTest.java:17)
at com.jala.academy.LoginTest.beforetest(LoginTest.java:17)
at com.jala.academy.LoginTest.beforetest(LoginTest.java:17)
at com.jala.academy.LoginTest.beforetest(LoginTest.java:17)
at com.jala.academy.LoginTest.beforetest(LoginTest.java:17)
at com.jala.academy.LoginTest.beforetest(LoginTest.java:17)
at com.jala.academy.LoginTest.beforetest(LoginTest.java:17)
at com.jala.academy.LoginTest.beforetest(LoginTest.java:17)
at com.jala.academy.LoginTest.beforetest(LoginTest.java:17)
at com.jala.academy.LoginTest.beforetest(LoginTest.java:17)
at com.jala.academy.LoginTest.beforetest(LoginTest.java:17)
at com.jala.academy.LoginTest.beforetest(LoginTest.java:17)
at com.jala.academy.LoginTest.beforetest(LoginTest.java:17)
at com.jala.academy.LoginTest.beforetest(LoginTest.java:17)
at com.jala.academy.LoginTest.beforetest(LoginTest.java:17)
at com.jala.academy.LoginTest.beforetest(LoginTest.java:17)
at com.jala.academy.LoginTest.beforetest(LoginTest.java:17)
at com.jala.academy.LoginTest.beforetest(LoginTest.java:17)
at com.jala.academy.LoginTest.beforetest(LoginTest.java:17)
at com.jala.academy.LoginTest.beforetest(LoginTest.java:17)
at com.jala.academy.LoginTest.beforetest(LoginTest.java:17)
at com.jala.academy.LoginTest.beforetest(LoginTest.java:17)
at com.jala.academy.LoginTest.beforetest(LoginTest.java:17)
at com.jala.academy.LoginTest.beforetest(LoginTest.java:17)
at com.jala.academy.LoginTest.beforetest(LoginTest.java:17)
at com.jala.academy.LoginTest.beforetest(LoginTest.java:17)
at com.jala.academy.LoginTest.beforetest(LoginTest.java:17)
at com.jala.academy.LoginTest.beforetest(LoginTest.java:17)
at com.jala.academy.LoginTest.beforetest(LoginTest.java:17)
at com.jala.academy.LoginTest.beforetest(LoginTest.java:17)
at com.jala.academy.LoginTest.beforetest(LoginTest.java:17)
at com.jala.academy.LoginTest.beforetest(LoginTest.java:17)
at com.jala.academy.LoginTest.beforetest(LoginTest.java:17)
at com.jala.academy.LoginTest.beforetest(LoginTest.java:17)
at com.jala.academy.LoginTest.beforetest(LoginTest.java:17)
at com.jala.academy.LoginTest.beforetest(LoginTest.java:17)
at com.jala.academy.LoginTest.beforetest(LoginTest.java:17)
at com.jala.academy.LoginTest.beforetest(LoginTest.java:17)
at com.jala.academy.LoginTest.beforetest(LoginTest.java:17)
at com.jala.academy.LoginTest.beforetest(LoginTest.java:17)
at com.jala.academy.LoginTest.beforetest(LoginTest.java:17)
at com.jala.academy.LoginTest.beforetest(LoginTest.java:17)
at com.jala.academy.LoginTest.beforetest(LoginTest.java:17)
at com.jala.academy.LoginTest.beforetest(LoginTest.java:17)
at com.jala.academy.LoginTest.beforetest(LoginTest.java:17)
at com.jala.academy.LoginTest.beforetest(LoginTest.java:17)
at com.jala.academy.LoginTest.beforetest(LoginTest.java:17)
at com.jala.academy.LoginTest.beforetest(LoginTest.java:17)
at com.jala.academy.LoginTest.beforetest(LoginTest.java:17)
at com.jala.academy.LoginTest.beforetest(LoginTest.java:17)
at com.jala.academy.LoginTest.beforetest(LoginTest.java:17)
at com.jala.academy.LoginTest.beforetest(LoginTest.java:17)
at com.jala.academy.LoginTest.beforetest(LoginTest.java:17)
at com.jala.academy.LoginTest.beforetest(LoginTest.java:17)
at com.jala.academy.LoginTest.beforetest(LoginTest.java:17)
at com.jala.academy.LoginTest.beforetest(LoginTest.java:17)
at com.jala.academy.LoginTest.beforetest(LoginTest.java:17)
at com.jala.academy.LoginTest.beforetest(LoginTest.java:17)
at com.jala.academy.LoginTest.beforetest(LoginTest.java:17)
at com.jala.academy.LoginTest.beforetest(LoginTest.java:17)
at com.jala.academy.LoginTest.beforetest(LoginTest.java:17)
at com.jala.academy.LoginTest.beforetest(LoginTest.java:17)
at com.jala.academy.LoginTest.beforetest(LoginTest.java:17)
at com.jala.academy.LoginTest.beforetest(LoginTest.java:17)
at com.jala.academy.LoginTest.beforetest(LoginTest.java:17)
at com.jala.academy.LoginTest.beforetest(LoginTest.java:17)
at com.jala.academy.LoginTest.beforetest(LoginTest.java:17)
at com.jala.academy.LoginTest.beforetest(LoginTest.java:17)
at com.jala.academy.LoginTest.beforetest(LoginTest.java:17)
at com.jala.academy.LoginTest.beforetest(LoginTest.java:17)
at com.jala.academy.LoginTest.beforetest(LoginTest.java:17)
at com.jala.academy.LoginTest.beforetest(LoginTest.java:17)
at com.jala.academy.LoginTest.beforetest(LoginTest.java:17)
at com.jala.academy.LoginTest.beforetest(LoginTest.java:17)
at com.jala.academy.LoginTest.beforetest(LoginTest.java:17)
at com.jala.academy.LoginTest.beforetest(LoginTest.java:17)
at com.jala.academy.LoginTest.beforetest(LoginTest.java:17)
at com.jala.academy.LoginTest.beforetest(LoginTest.java:17)
at com.jala.academy.LoginTest.beforetest(LoginTest.java:17)
at com.jala.academy.LoginTest.beforetest(LoginTest.java:17)
at com.jala.academy.LoginTest.beforetest(LoginTest.java:17)
at com.jala.academy.LoginTest.beforetest(LoginTest.java:17)
at com.jala.academy.LoginTest.beforetest(LoginTest.java:17)
at com.jala.academy.LoginTest.beforetest(LoginTest.java:17)
at com.jala.academy.LoginTest.beforetest(LoginTest.java:17)
at com.jala.academy.LoginTest.beforetest(LoginTest.java:17)
at com.jala.academy.LoginTest.beforetest(LoginTest.java:17)
at com.jala.academy.LoginTest.beforetest(LoginTest.java:17)
at com.jala.academy.LoginTest.beforetest(LoginTest.java:17)
at com.jala.academy.LoginTest.beforetest(LoginTest.java:17)
at com.jala.academy.LoginTest.beforetest(LoginTest.java:17)
at com.jala.academy.LoginTest.beforetest(LoginTest.java:17)
at com.jala.academy.LoginTest.beforetest(LoginTest.java:17)
at com.jala.academy.LoginTest.beforetest(LoginTest.java:17)
at com.jala.academy.LoginTest.beforetest(LoginTest.java:17)
at com.jala.academy.LoginTest.beforetest(LoginTest.java:17)
at com.jala.academy.LoginTest.beforetest(LoginTest.java:17)
at com.jala.academy.LoginTest.beforetest(LoginTest.java:17)
at com.jala.academy.LoginTest.beforetest(LoginTest.java:17)
at com.jala.academy.LoginTest.beforetest(LoginTest.java:17)
at com.jala.academy.LoginTest.beforetest(LoginTest.java:17)
at com.jala.academy.LoginTest.beforetest(LoginTest.java:17)
at com.jala.academy.LoginTest.beforetest(LoginTest.java:17)
at com.jala.academy.LoginTest.beforetest(LoginTest.java:17)
at com.jala.academy.LoginTest.beforetest(LoginTest.java:17)
at com.jala.academy.LoginTest.beforetest(LoginTest.java:17)
at com.jala.academy.LoginTest.beforetest(LoginTest.java:17)
at com.jala.academy.LoginTest.beforetest(LoginTest.java:17)
at com.jala.academy.LoginTest.beforetest(LoginTest.java:17)
at com.jala.academy.LoginTest.beforetest(LoginTest.java:17)
at com.jala.academy.LoginTest.beforetest(LoginTest.java:17)
at com.jala.academy.LoginTest.beforetest(LoginTest.java:17)
at com.jala.academy.LoginTest.beforetest(LoginTest.java:17)
at com.jala.academy.LoginTest.beforetest(LoginTest.java:17)
at com.jala.academy.LoginTest.beforetest(LoginTest.java:17)
at com.jala.academy.LoginTest.beforetest(LoginTest.java:17)
at com.jala.academy.LoginTest.beforetest(LoginTest.java:17)
at com.jala.academy.LoginTest.beforetest(LoginTest.java:17)
at com.jala.academy.LoginTest.beforetest(LoginTest.java:17)
at com.jala.academy.LoginTest.beforetest(LoginTest.java:17)
at com.jala.academy.LoginTest.beforetest(LoginTest.java:17)
at com.jala.academy.LoginTest.beforetest(LoginTest.java:17)
at com.jala.academy.LoginTest.beforetest(LoginTest.java:17)
at com.jala.academy.LoginTest.beforetest(LoginTest.java:17)
at com.jala.academy.LoginTest.beforetest(LoginTest.java:17)
at com.jala.academy.LoginTest.beforetest(LoginTest.java:17)
at com.jala.academy.LoginTest.beforetest(LoginTest.java:17)
at com.jala.academy.LoginTest.beforetest(LoginTest.java:17)
at com.jala.academy.LoginTest.beforetest(LoginTest.java:17)
at com.jala.academy.LoginTest.beforetest(LoginTest.java:17)
at com.jala.academy.LoginTest.beforetest(LoginTest.java:17)
at com.jala.academy.LoginTest.beforetest(LoginTest.java:17)
at com.jala.academy.LoginTest.beforetest(LoginTest.java:17)
at com.jala.academy.LoginTest.beforetest(LoginTest.java:17)
at com.jala.academy.LoginTest.beforetest(LoginTest.java:17)
at com.jala.academy.LoginTest.beforetest(LoginTest.java:17)
at com.jala.academy.LoginTest.beforetest(LoginTest.java:17)
at com.jala.academy.LoginTest.beforetest(LoginTest.java:17)
at com.jala.academy.LoginTest.beforetest(LoginTest.java:17)
at com.jala.academy.LoginTest.beforetest(LoginTest.java:17)
at com.jala.academy.LoginTest.beforetest(LoginTest.java:17)
at com.jala.academy.LoginTest.beforetest(LoginTest.java:17)
at com.jala.academy.LoginTest.beforetest(LoginTest.java:17)
at com.jala.academy.LoginTest.beforetest(LoginTest.java:17)
at com.jala.academy.LoginTest.beforetest(LoginTest.java:17)
at com.jala.academy.LoginTest.beforetest(LoginTest.java:17)
at com.jala.academy.LoginTest.beforetest(LoginTest.java:17)
at com.jala.academy.LoginTest.beforetest(LoginTest.java:17)
at com.jala.academy.LoginTest.beforetest(LoginTest.java:17)
at com.jala.academy.LoginTest.beforetest(LoginTest.java:17)
at com.jala.academy.LoginTest.beforetest(LoginTest.java:17)
at com.jala.academy.LoginTest.beforetest(LoginTest.java:17)
at com.jala.academy.LoginTest.beforetest(LoginTest.java:17)
at com.jala.academy.LoginTest.beforetest(LoginTest.java:17)
at com.jala.academy.LoginTest.beforetest(LoginTest.java:17)
at com.jala.academy.LoginTest.beforetest(LoginTest.java:17)
at com.jala.academy.LoginTest.beforetest(LoginTest.java:17)
at com.jala.academy.LoginTest.beforetest(LoginTest.java:17)
at com.jala.academy.LoginTest.beforetest(LoginTest.java:17)
at com.jala.academy.LoginTest.beforetest(LoginTest.java:17)
at com.jala.academy.LoginTest.beforetest(LoginTest.java:17)
at com.jala.academy.LoginTest.beforetest(LoginTest.java:17)
at com.jala.academy.LoginTest.beforetest(LoginTest.java:17)
at com.jala.academy.LoginTest.beforetest(LoginTest.java:17)
at com.jala.academy.LoginTest.beforetest(LoginTest.java:17)
at com.jala.academy.LoginTest.beforetest(LoginTest.java:17)
at com.jala.academy.LoginTest.beforetest(LoginTest.java:17)
at com.jala.academy.LoginTest.beforetest(LoginTest.java:17)
at com.jala.academy.LoginTest.beforetest(LoginTest.java:17)
at com.jala.academy.LoginTest.beforetest(LoginTest.java:17)
at com.jala.academy.LoginTest.beforetest(LoginTest.java:17)
at com.jala.academy.LoginTest.beforetest(LoginTest.java:17)
at com.jala.academy.LoginTest.beforetest(LoginTest.java:17)
at com.jala.academy.LoginTest.beforetest(LoginTest.java:17)
at com.jala.academy.LoginTest.beforetest(LoginTest.java:17)
at com.jala.academy.LoginTest.beforetest(LoginTest.java:17)
at com.jala.academy.LoginTest.beforetest(LoginTest.java:17)
at com.jala.academy.LoginTest.beforetest(LoginTest.java:17)
at com.jala.academy.LoginTest.beforetest(LoginTest.java:17)
at com.jala.academy.LoginTest.beforetest(LoginTest.java:17)
at com.jala.academy.LoginTest.beforetest(LoginTest.java:17)
at com.jala.academy.LoginTest.beforetest(LoginTest.java:17)
at com.jala.academy.LoginTest.beforetest(LoginTest.java:17)
at com.jala.academy.LoginTest.beforetest(LoginTest.java:17)
at com.jala.academy.LoginTest.beforetest(LoginTest.java:17)
at com.jala.academy.LoginTest.beforetest(LoginTest.java:17)
at com.jala.academy.LoginTest.beforetest(LoginTest.java:17)
at com.jala.academy.LoginTest.beforetest(LoginTest.java:17)
at com.jala.academy.LoginTest.beforetest(LoginTest.java:17)
at com.jala.academy.LoginTest.beforetest(LoginTest.java:17)
at com.jala.academy.LoginTest.beforetest(LoginTest.java:17)
at com.jala.academy.LoginTest.beforetest(LoginTest.java:17)
at com.jala.academy.LoginTest.beforetest(LoginTest.java:17)
at com.jala.academy.LoginTest.beforetest(LoginTest.java:17)
at com.jala.academy.LoginTest.beforetest(LoginTest.java:17)
at com.jala.academy.LoginTest.beforetest(LoginTest.java:17)
at com.jala.academy.LoginTest.beforetest(LoginTest.java:17)
at com.jala.academy.LoginTest.beforetest(LoginTest.java:17)
at com.jala.academy.LoginTest.beforetest(LoginTest.java:17)
at com.jala.academy.LoginTest.beforetest(LoginTest.java:17)
at com.jala.academy.LoginTest.beforetest(LoginTest.java:17)
at com.jala.academy.LoginTest.beforetest(LoginTest.java:17)
at com.jala.academy.LoginTest.beforetest(LoginTest.java:17)
at com.jala.academy.LoginTest.beforetest(LoginTest.java:17)
at com.jala.academy.LoginTest.beforetest(LoginTest.java:17)
at com.jala.academy.LoginTest.beforetest(LoginTest.java:17)
at com.jala.academy.LoginTest.beforetest(LoginTest.java:17)
at com.jala.academy.LoginTest.beforetest(LoginTest.java:17)
at com.jala.academy.LoginTest.beforetest(LoginTest.java:17)
at com.jala.academy.LoginTest.beforetest(LoginTest.java:17)
at com.jala.academy.LoginTest.beforetest(LoginTest.java:17)
at com.jala.academy.LoginTest.beforetest(LoginTest.java:17)
at com.jala.academy.LoginTest.beforetest(LoginTest.java:17)
at com.jala.academy.LoginTest.beforetest(LoginTest.java:17)
at com.jala.academy.LoginTest.beforetest(LoginTest.java:17)
at com.jala.academy.LoginTest.beforetest(LoginTest.java:17)
at com.jala.academy.LoginTest.beforetest(LoginTest.java:17)
at com.jala.academy.LoginTest.beforetest(LoginTest.java:17)
at com.jala.academy.LoginTest.beforetest(LoginTest.java:17)
at com.jala.academy.LoginTest.beforetest(LoginTest.java:17)
at com.jala.academy.LoginTest.beforetest(LoginTest.java:17)
at com.jala.academy.LoginTest.beforetest(LoginTest.java:17)
at com.jala.academy.LoginTest.beforetest(LoginTest.java:17)
at com.jala.academy.LoginTest.beforetest(LoginTest.java:17)
at com.jala.academy.LoginTest.beforetest(LoginTest.java:17)
at com.jala.academy.LoginTest.beforetest(LoginTest.java:17)
at com.jala.academy.LoginTest.beforetest(LoginTest.java:17)
at com.jala.academy.LoginTest.beforetest(LoginTest.java:17)
at com.jala.academy.LoginTest.beforetest(LoginTest.java:17)
at com.jala.academy.LoginTest.beforetest(LoginTest.java:17)
at com.jala.academy.LoginTest.beforetest(LoginTest.java:17)
at com.jala.academy.LoginTest.beforetest(LoginTest.java:17)
at com.jala.academy.LoginTest.beforetest(LoginTest.java:17)
at com.jala.academy.LoginTest.beforetest(LoginTest.java:17)
at com.jala.academy.LoginTest.beforetest(LoginTest.java:17)
at com.jala.academy.LoginTest.beforetest(LoginTest.java:17)
at com.jala.academy.LoginTest.beforetest(LoginTest.java:17)
at com.jala.academy.LoginTest.beforetest(LoginTest.java:17)
at com.jala.academy.LoginTest.beforetest(LoginTest.java:17)
at com.jala.academy.LoginTest.beforetest(LoginTest.java:17)
at com.jala.academy.LoginTest.beforetest(LoginTest.java:17)
at com.jala.academy.LoginTest.beforetest(LoginTest.java:17)
at com.jala.academy.LoginTest.beforetest(LoginTest.java:17)
at com.jala.academy.LoginTest.beforetest(LoginTest.java:17)
at com.jala.academy.LoginTest.beforetest(LoginTest.java:17)
at com.jala.academy.LoginTest.beforetest(LoginTest.java:17)
at com.jala.academy.LoginTest.beforetest(LoginTest.java:17)
at com.jala.academy.LoginTest.beforetest(LoginTest.java:17)
at com.jala.academy.LoginTest.beforetest(LoginTest.java:17)
at com.jala.academy.LoginTest.beforetest(LoginTest.java:17)
at com.jala.academy.LoginTest.beforetest(LoginTest.java:17)
at com.jala.academy.LoginTest.beforetest(LoginTest.java:17)
at com.jala.academy.LoginTest.beforetest(LoginTest.java:17)
at com.jala.academy.LoginTest.beforetest(LoginTest.java:17)
at com.jala.academy.LoginTest.beforetest(LoginTest.java:17)
at com.jala.academy.LoginTest.beforetest(LoginTest.java:17)
at com.jala.academy.LoginTest.beforetest(LoginTest.java:17)
at com.jala.academy.LoginTest.beforetest(LoginTest.java:17)
at com.jala.academy.LoginTest.beforetest(LoginTest.java:17)
at com.jala.academy.LoginTest.beforetest(LoginTest.java:17)
at com.jala.academy.LoginTest.beforetest(LoginTest.java:17)
at com.jala.academy.LoginTest.beforetest(LoginTest.java:17)
at com.jala.academy.LoginTest.beforetest(LoginTest.java:17)
at com.jala.academy.LoginTest.beforetest(LoginTest.java:17)
at com.jala.academy.LoginTest.beforetest(LoginTest.java:17)
at com.jala.academy.LoginTest.beforetest(LoginTest.java:17)
at com.jala.academy.LoginTest.beforetest(LoginTest.java:17)
at com.jala.academy.LoginTest.beforetest(LoginTest.java:17)
at com.jala.academy.LoginTest.beforetest(LoginTest.java:17)
at com.jala.academy.LoginTest.beforetest(LoginTest.java:17)
at com.jala.academy.LoginTest.beforetest(LoginTest.java:17)
at com.jala.academy.LoginTest.beforetest(LoginTest.java:17)
at com.jala.academy.LoginTest.beforetest(LoginTest.java:17)
at com.jala.academy.LoginTest.beforetest(LoginTest.java:17)
at com.jala.academy.LoginTest.beforetest(LoginTest.java:17)
at com.jala.academy.LoginTest.beforetest(LoginTest.java:17)
at com.jala.academy.LoginTest.beforetest(LoginTest.java:17)
at com.jala.academy.LoginTest.beforetest(LoginTest.java:17)
at com.jala.academy.LoginTest.beforetest(LoginTest.java:17)
at com.jala.academy.LoginTest.beforetest(LoginTest.java:17)
at com.jala.academy.LoginTest.beforetest(LoginTest.java:17)
at com.jala.academy.LoginTest.beforetest(LoginTest.java:17)
at com.jala.academy.LoginTest.beforetest(LoginTest.java:17)
at com.jala.academy.LoginTest.beforetest(LoginTest.java:17)
at com.jala.academy.LoginTest.beforetest(LoginTest.java:17)
at com.jala.academy.LoginTest.beforetest(LoginTest.java:17)
at com.jala.academy.LoginTest.beforetest(LoginTest.java:17)
at com.jala.academy.LoginTest.beforetest(LoginTest.java:17)
at com.jala.academy.LoginTest.beforetest(LoginTest.java:17)
at com.jala.academy.LoginTest.beforetest(LoginTest.java:17)
at com.jala.academy.LoginTest.beforetest(LoginTest.java:17)
at com.jala.academy.LoginTest.beforetest(LoginTest.java:17)
at com.jala.academy.LoginTest.beforetest(LoginTest.java:17)
at com.jala.academy.LoginTest.beforetest(LoginTest.java:17)
at com.jala.academy.LoginTest.beforetest(LoginTest.java:17)
at com.jala.academy.LoginTest.beforetest(LoginTest.java:17)
at com.jala.academy.LoginTest.beforetest(LoginTest.java:17)
at com.jala.academy.LoginTest.beforetest(LoginTest.java:17)
at com.jala.academy.LoginTest.beforetest(LoginTest.java:17)
at com.jala.academy.LoginTest.beforetest(LoginTest.java:17)
at com.jala.academy.LoginTest.beforetest(LoginTest.java:17)
at com.jala.academy.LoginTest.beforetest(LoginTest.java:17)
at com.jala.academy.LoginTest.beforetest(LoginTest.java:17)
at com.jala.academy.LoginTest.beforetest(LoginTest.java:17)
at com.jala.academy.LoginTest.beforetest(LoginTest.java:17)
at com.jala.academy.LoginTest.beforetest(LoginTest.java:17)
at com.jala.academy.LoginTest.beforetest(LoginTest.java:17)
at com.jala.academy.LoginTest.beforetest(LoginTest.java:17)
at com.jala.academy.LoginTest.beforetest(LoginTest.java:17)
at com.jala.academy.LoginTest.beforetest(LoginTest.java:17)
at com.jala.academy.LoginTest.beforetest(LoginTest.java:17)
at com.jala.academy.LoginTest.beforetest(LoginTest.java:17)
at com.jala.academy.LoginTest.beforetest(LoginTest.java:17)
at com.jala.academy.LoginTest.beforetest(LoginTest.java:17)
at com.jala.academy.LoginTest.beforetest(LoginTest.java:17)
at com.jala.academy.LoginTest.beforetest(LoginTest.java:17)
at com.jala.academy.LoginTest.beforetest(LoginTest.java:17)
at com.jala.academy.LoginTest.beforetest(LoginTest.java:17)
at com.jala.academy.LoginTest.beforetest(LoginTest.java:17)
at com.jala.academy.LoginTest.beforetest(LoginTest.java:17)
at com.jala.academy.LoginTest.beforetest(LoginTest.java:17)
at com.jala.academy.LoginTest.beforetest(LoginTest.java:17)
at com.jala.academy.LoginTest.beforetest(LoginTest.java:17)
at com.jala.academy.LoginTest.beforetest(LoginTest.java:17)
at com.jala.academy.LoginTest.beforetest(LoginTest.java:17)
at com.jala.academy.LoginTest.beforetest(LoginTest.java:17)
at com.jala.academy.LoginTest.beforetest(LoginTest.java:17)
at com.jala.academy.LoginTest.beforetest(LoginTest.java:17)
at com.jala.academy.LoginTest.beforetest(LoginTest.java:17)
at com.jala.academy.LoginTest.beforetest(LoginTest.java:17)
at com.jala.academy.LoginTest.beforetest(LoginTest.java:17)
at com.jala.academy.LoginTest.beforetest(LoginTest.java:17)
at com.jala.academy.LoginTest.beforetest(LoginTest.java:17)
at com.jala.academy.LoginTest.beforetest(LoginTest.java:17)
at com.jala.academy.LoginTest.beforetest(LoginTest.java:17)
at com.jala.academy.LoginTest.beforetest(LoginTest.java:17)
at com.jala.academy.LoginTest.beforetest(LoginTest.java:17)
at com.jala.academy.LoginTest.beforetest(LoginTest.java:17)
at com.jala.academy.LoginTest.beforetest(LoginTest.java:17)
at com.jala.academy.LoginTest.beforetest(LoginTest.java:17)
at com.jala.academy.LoginTest.beforetest(LoginTest.java:17)
at com.jala.academy.LoginTest.beforetest(LoginTest.java:17)
at com.jala.academy.LoginTest.beforetest(LoginTest.java:17)
at com.jala.academy.LoginTest.beforetest(LoginTest.java:17)
at com.jala.academy.LoginTest.beforetest(LoginTest.java:17)
at com.jala.academy.LoginTest.beforetest(LoginTest.java:17)
at com.jala.academy.LoginTest.beforetest(LoginTest.java:17)
at com.jala.academy.LoginTest.beforetest(LoginTest.java:17)
at com.jala.academy.LoginTest.beforetest(LoginTest.java:17)
at com.jala.academy.LoginTest.beforetest(LoginTest.java:17)
at com.jala.academy.LoginTest.beforetest(LoginTest.java:17)
at com.jala.academy.LoginTest.beforetest(LoginTest.java:17)
at com.jala.academy.LoginTest.beforetest(LoginTest.java:17)
at com.jala.academy.LoginTest.beforetest(LoginTest.java:17)
at com.jala.academy.LoginTest.beforetest(LoginTest.java:17)
at com.jala.academy.LoginTest.beforetest(LoginTest.java:17)
at com.jala.academy.LoginTest.beforetest(LoginTest.java:17)
at com.jala.academy.LoginTest.beforetest(LoginTest.java:17)
at com.jala.academy.LoginTest.beforetest(LoginTest.java:17)
at com.jala.academy.LoginTest.beforetest(LoginTest.java:17)
at com.jala.academy.LoginTest.beforetest(LoginTest.java:17)
at com.jala.academy.LoginTest.beforetest(LoginTest.java:17)
at com.jala.academy.LoginTest.beforetest(LoginTest.java:17)
at com.jala.academy.LoginTest.beforetest(LoginTest.java:17)
at com.jala.academy.LoginTest.beforetest(LoginTest.java:17)
at com.jala.academy.LoginTest.beforetest(LoginTest.java:17)
at com.jala.academy.LoginTest.beforetest(LoginTest.java:17)
at com.jala.academy.LoginTest.beforetest(LoginTest.java:17)
at com.jala.academy.LoginTest.beforetest(LoginTest.java:17)
at com.jala.academy.LoginTest.beforetest(LoginTest.java:17)
at com.jala.academy.LoginTest.beforetest(LoginTest.java:17)
at com.jala.academy.LoginTest.beforetest(LoginTest.java:17)
at com.jala.academy.LoginTest.beforetest(LoginTest.java:17)
at com.jala.academy.LoginTest.beforetest(LoginTest.java:17)
at com.jala.academy.LoginTest.beforetest(LoginTest.java:17)
at com.jala.academy.LoginTest.beforetest(LoginTest.java:17)
at com.jala.academy.LoginTest.beforetest(LoginTest.java:17)
at com.jala.academy.LoginTest.beforetest(LoginTest.java:17)
at com.jala.academy.LoginTest.beforetest(LoginTest.java:17)
at com.jala.academy.LoginTest.beforetest(LoginTest.java:17)
at com.jala.academy.LoginTest.beforetest(LoginTest.java:17)
at com.jala.academy.LoginTest.beforetest(LoginTest.java:17)
at com.jala.academy.LoginTest.beforetest(LoginTest.java:17)
at com.jala.academy.LoginTest.beforetest(LoginTest.java:17)
at com.jala.academy.LoginTest.beforetest(LoginTest.java:17)
at com.jala.academy.LoginTest.beforetest(LoginTest.java:17)
at com.jala.academy.LoginTest.beforetest(LoginTest.java:17)
at com.jala.academy.LoginTest.beforetest(LoginTest.java:17)
at com.jala.academy.LoginTest.beforetest(LoginTest.java:17)
at com.jala.academy.LoginTest.beforetest(LoginTest.java:17)
at com.jala.academy.LoginTest.beforetest(LoginTest.java:17)
at com.jala.academy.LoginTest.beforetest(LoginTest.java:17)
at com.jala.academy.LoginTest.beforetest(LoginTest.java:17)
at com.jala.academy.LoginTest.beforetest(LoginTest.java:17)
at com.jala.academy.LoginTest.beforetest(LoginTest.java:17)
at com.jala.academy.LoginTest.beforetest(LoginTest.java:17)
at com.jala.academy.LoginTest.beforetest(LoginTest.java:17)
at com.jala.academy.LoginTest.beforetest(LoginTest.java:17)
at com.jala.academy.LoginTest.beforetest(LoginTest.java:17)
at com.jala.academy.LoginTest.beforetest(LoginTest.java:17)
at com.jala.academy.LoginTest.beforetest(LoginTest.java:17)
at com.jala.academy.LoginTest.beforetest(LoginTest.java:17)
at com.jala.academy.LoginTest.beforetest(LoginTest.java:17)
at com.jala.academy.LoginTest.beforetest(LoginTest.java:17)
at com.jala.academy.LoginTest.beforetest(LoginTest.java:17)
at com.jala.academy.LoginTest.beforetest(LoginTest.java:17)
at com.jala.academy.LoginTest.beforetest(LoginTest.java:17)
at com.jala.academy.LoginTest.beforetest(LoginTest.java:17)
at com.jala.academy.LoginTest.beforetest(LoginTest.java:17)
at com.jala.academy.LoginTest.beforetest(LoginTest.java:17)
at com.jala.academy.LoginTest.beforetest(LoginTest.java:17)
at com.jala.academy.LoginTest.beforetest(LoginTest.java:17)
at com.jala.academy.LoginTest.beforetest(LoginTest.java:17)
at com.jala.academy.LoginTest.beforetest(LoginTest.java:17)
at com.jala.academy.LoginTest.beforetest(LoginTest.java:17)
at com.jala.academy.LoginTest.beforetest(LoginTest.java:17)
at com.jala.academy.LoginTest.beforetest(LoginTest.java:17)
at com.jala.academy.LoginTest.beforetest(LoginTest.java:17)
at com.jala.academy.LoginTest.beforetest(LoginTest.java:17)
at com.jala.academy.LoginTest.beforetest(LoginTest.java:17)
at com.jala.academy.LoginTest.beforetest(LoginTest.java:17)
at com.jala.academy.LoginTest.beforetest(LoginTest.java:17)
at com.jala.academy.LoginTest.beforetest(LoginTest.java:17)
at com.jala.academy.LoginTest.beforetest(LoginTest.java:17)
at com.jala.academy.LoginTest.beforetest(LoginTest.java:17)
at com.jala.academy.LoginTest.beforetest(LoginTest.java:17)
at com.jala.academy.LoginTest.beforetest(LoginTest.java:17)
at com.jala.academy.LoginTest.beforetest(LoginTest.java:17)
at com.jala.academy.LoginTest.beforetest(LoginTest.java:17)
at com.jala.academy.LoginTest.beforetest(LoginTest.java:17)
at com.jala.academy.LoginTest.beforetest(LoginTest.java:17)
at com.jala.academy.LoginTest.beforetest(LoginTest.java:17)
at com.jala.academy.LoginTest.beforetest(LoginTest.java:17)
at com.jala.academy.LoginTest.beforetest(LoginTest.java:17)
at com.jala.academy.LoginTest.beforetest(LoginTest.java:17)
at com.jala.academy.LoginTest.beforetest(LoginTest.java:17)
at com.jala.academy.LoginTest.beforetest(LoginTest.java:17)
at com.jala.academy.LoginTest.beforetest(LoginTest.java:17)
at com.jala.academy.LoginTest.beforetest(LoginTest.java:17)
at com.jala.academy.LoginTest.beforetest(LoginTest.java:17)
at com.jala.academy.LoginTest.beforetest(LoginTest.java:17)
at com.jala.academy.LoginTest.beforetest(LoginTest.java:17)
at com.jala.academy.LoginTest.beforetest(LoginTest.java:17)
at com.jala.academy.LoginTest.beforetest(LoginTest.java:17)
at com.jala.academy.LoginTest.beforetest(LoginTest.java:17)
at com.jala.academy.LoginTest.beforetest(LoginTest.java:17)
at com.jala.academy.LoginTest.beforetest(LoginTest.java:17)
at com.jala.academy.LoginTest.beforetest(LoginTest.java:17)
at com.jala.academy.LoginTest.beforetest(LoginTest.java:17)
at com.jala.academy.LoginTest.beforetest(LoginTest.java:17)
at com.jala.academy.LoginTest.beforetest(LoginTest.java:17)
at com.jala.academy.LoginTest.beforetest(LoginTest.java:17)
at com.jala.academy.LoginTest.beforetest(LoginTest.java:17)
at com.jala.academy.LoginTest.beforetest(LoginTest.java:17)
at com.jala.academy.LoginTest.beforetest(LoginTest.java:17)
at com.jala.academy.LoginTest.beforetest(LoginTest.java:17)
at com.jala.academy.LoginTest.beforetest(LoginTest.java:17)
at com.jala.academy.LoginTest.beforetest(LoginTest.java:17)
at com.jala.academy.LoginTest.beforetest(LoginTest.java:17)
at com.jala.academy.LoginTest.beforetest(LoginTest.java:17)
at com.jala.academy.LoginTest.beforetest(LoginTest.java:17)
at com.jala.academy.LoginTest.beforetest(LoginTest.java:17)
at com.jala.academy.LoginTest.beforetest(LoginTest.java:17)
at com.jala.academy.LoginTest.beforetest(LoginTest.java:17)
at com.jala.academy.LoginTest.beforetest(LoginTest.java:17)
at com.jala.academy.LoginTest.beforetest(LoginTest.java:17)
at com.jala.academy.LoginTest.beforetest(LoginTest.java:17)
at com.jala.academy.LoginTest.beforetest(LoginTest.java:17)
at com.jala.academy.LoginTest.beforetest(LoginTest.java:17)
at com.jala.academy.LoginTest.beforetest(LoginTest.java:17)
at com.jala.academy.LoginTest.beforetest(LoginTest.java:17)
at com.jala.academy.LoginTest.beforetest(LoginTest.java:17)
at com.jala.academy.LoginTest.beforetest(LoginTest.java:17)
at com.jala.academy.LoginTest.beforetest(LoginTest.java:17)
at com.jala.academy.LoginTest.beforetest(LoginTest.java:17)
at com.jala.academy.LoginTest.beforetest(LoginTest.java:17)
at com.jala.academy.LoginTest.beforetest(LoginTest.java:17)
at com.jala.academy.LoginTest.beforetest(LoginTest.java:17)
at com.jala.academy.LoginTest.beforetest(LoginTest.java:17)
at com.jala.academy.LoginTest.beforetest(LoginTest.java:17)
at com.jala.academy.LoginTest.beforetest(LoginTest.java:17)
at com.jala.academy.LoginTest.beforetest(LoginTest.java:17)
at com.jala.academy.LoginTest.beforetest(LoginTest.java:17)
at com.jala.academy.LoginTest.beforetest(LoginTest.java:17)
at com.jala.academy.LoginTest.beforetest(LoginTest.java:17)
at com.jala.academy.LoginTest.beforetest(LoginTest.java:17)
at com.jala.academy.LoginTest.beforetest(LoginTest.java:17)
at com.jala.academy.LoginTest.beforetest(LoginTest.java:17)
at com.jala.academy.LoginTest.beforetest(LoginTest.java:17)
at com.jala.academy.LoginTest.beforetest(LoginTest.java:17)
at com.jala.academy.LoginTest.beforetest(LoginTest.java:17)
]]>
    </error>
  </testcase> <!-- beforeclasss -->
  <system-out/>
  <testcase classname="com.jala.academy.LoginTest" name="login" time="0.000">
    <skipped/>
  </testcase> <!-- login -->
  <system-out/>
</testsuite> <!-- com.jala.academy.LoginTest -->
